2026-02-20 15:28:18 | INFO | 🚀 CHM BREAKER BOT запускается (multi-user режим)...
2026-02-20 15:28:18 | INFO | Start polling
2026-02-20 15:28:18 | INFO | 🔄 Мульти-сканер запущен
2026-02-20 15:28:22 | INFO | Run polling for bot @chm_lab_signals_bot id=8386929967 - 'CHM Bot_signal'
2026-02-20 15:28:23 | INFO | Новый пользователь: cheese_31 (705020259)
2026-02-20 15:28:23 | INFO | Новый пользователь: kofman88 (445677777)
2026-02-20 15:28:26 | INFO | Update id=178228413 is handled. Duration 3370 ms by bot id=8386929967
2026-02-20 15:28:26 | INFO | Update id=178228412 is handled. Duration 3468 ms by bot id=8386929967
2026-02-20 15:28:48 | INFO | Update id=178228414 is handled. Duration 3070 ms by bot id=8386929967
2026-02-20 15:28:53 | INFO | Update id=178228415 is handled. Duration 1992 ms by bot id=8386929967
2026-02-20 15:28:58 | INFO | Update id=178228416 is handled. Duration 2415 ms by bot id=8386929967
2026-02-20 15:29:18 | INFO | 🔍 Скан для kofman88 (TF=5m)
2026-02-20 15:29:18 | INFO | 🌐 Загружаю список всех монет с OKX...
2026-02-20 15:29:23 | INFO | Update id=178228417 is handled. Duration 3464 ms by bot id=8386929967
2026-02-20 15:29:25 | INFO |   Найдено активных USDT пар: 258
2026-02-20 15:29:26 | INFO |   После фильтра по объёму: 224 монет
2026-02-20 15:29:29 | INFO | Update id=178228418 is handled. Duration 2588 ms by bot id=8386929967
2026-02-20 15:29:34 | INFO | Update id=178228419 is handled. Duration 1053 ms by bot id=8386929967
2026-02-20 15:29:46 | INFO | Update id=178228420 is handled. Duration 2739 ms by bot id=8386929967
2026-02-20 15:29:56 | INFO | Update id=178228421 is handled. Duration 958 ms by bot id=8386929967
2026-02-20 15:30:03 | INFO | Update id=178228422 is handled. Duration 2558 ms by bot id=8386929967
2026-02-20 15:30:05 | INFO | Update id=178228423 is handled. Duration 3250 ms by bot id=8386929967
2026-02-20 15:30:18 | INFO | Update id=178228424 is handled. Duration 1369 ms by bot id=8386929967
2026-02-20 15:30:22 | INFO | Update id=178228425 is handled. Duration 2356 ms by bot id=8386929967
2026-02-20 15:30:24 | INFO | Update id=178228426 is handled. Duration 2436 ms by bot id=8386929967
2026-02-20 15:30:26 | INFO | Update id=178228427 is handled. Duration 2843 ms by bot id=8386929967
2026-02-20 15:30:26 | INFO | Update id=178228428 is handled. Duration 1988 ms by bot id=8386929967
2026-02-20 15:30:30 | INFO | Update id=178228430 is handled. Duration 2395 ms by bot id=8386929967
2026-02-20 15:30:30 | INFO | Update id=178228429 is not handled. Duration 4249 ms by bot id=8386929967
2026-02-20 15:30:30 | ERROR | Cause exception while process update id=178228429 by bot id=8386929967
TelegramBadRequest: Telegram server says - Bad Request: message is not modified: specified new message content and reply markup are exactly the same as a current content and reply markup of the message
Traceback (most recent call last):
  File "/Library/Frameworks/Python.framework/Versions/3.14/lib/python3.14/site-packages/aiogram/dispatcher/dispatcher.py", line 320, in _process_update
    response = await self.feed_update(bot, update, **kwargs)
               ^^^^^^^^^^^^^^^^^^^^^^^^^^^^^^^^^^^^^^^^^^^^^
  File "/Library/Frameworks/Python.framework/Versions/3.14/lib/python3.14/site-packages/aiogram/dispatcher/dispatcher.py", line 164, in feed_update
    response = await self.update.wrap_outer_middleware(
               ^^^^^^^^^^^^^^^^^^^^^^^^^^^^^^^^^^^^^^^^
    ...<7 lines>...
    )
    ^
  File "/Library/Frameworks/Python.framework/Versions/3.14/lib/python3.14/site-packages/aiogram/dispatcher/middlewares/error.py", line 27, in __call__
    return await handler(event, data)
           ^^^^^^^^^^^^^^^^^^^^^^^^^^
  File "/Library/Frameworks/Python.framework/Versions/3.14/lib/python3.14/site-packages/aiogram/dispatcher/middlewares/user_context.py", line 58, in __call__
    return await handler(event, data)
           ^^^^^^^^^^^^^^^^^^^^^^^^^^
  File "/Library/Frameworks/Python.framework/Versions/3.14/lib/python3.14/site-packages/aiogram/fsm/middleware.py", line 43, in __call__
    return await handler(event, data)
           ^^^^^^^^^^^^^^^^^^^^^^^^^^
  File "/Library/Frameworks/Python.framework/Versions/3.14/lib/python3.14/site-packages/aiogram/dispatcher/event/telegram.py", line 126, in trigger
    return await wrapped_inner(event, kwargs)
           ^^^^^^^^^^^^^^^^^^^^^^^^^^^^^^^^^^
  File "/Library/Frameworks/Python.framework/Versions/3.14/lib/python3.14/site-packages/aiogram/dispatcher/event/handler.py", line 71, in call
    return await wrapped()
           ^^^^^^^^^^^^^^^
  File "/Library/Frameworks/Python.framework/Versions/3.14/lib/python3.14/site-packages/aiogram/dispatcher/dispatcher.py", line 283, in _listen_update
    return await self.propagate_event(update_type=update_type, event=event, **kwargs)
           ^^^^^^^^^^^^^^^^^^^^^^^^^^^^^^^^^^^^^^^^^^^^^^^^^^^^^^^^^^^^^^^^^^^^^^^^^^
  File "/Library/Frameworks/Python.framework/Versions/3.14/lib/python3.14/site-packages/aiogram/dispatcher/router.py", line 161, in propagate_event
    return await observer.wrap_outer_middleware(_wrapped, event=event, data=kwargs)
           ^^^^^^^^^^^^^^^^^^^^^^^^^^^^^^^^^^^^^^^^^^^^^^^^^^^^^^^^^^^^^^^^^^^^^^^^
  File "/Library/Frameworks/Python.framework/Versions/3.14/lib/python3.14/site-packages/aiogram/dispatcher/router.py", line 153, in _wrapped
    return await self._propagate_event(
           ^^^^^^^^^^^^^^^^^^^^^^^^^^^^
    ...<4 lines>...
    )
    ^
  File "/Library/Frameworks/Python.framework/Versions/3.14/lib/python3.14/site-packages/aiogram/dispatcher/router.py", line 181, in _propagate_event
    response = await observer.trigger(event, **kwargs)
               ^^^^^^^^^^^^^^^^^^^^^^^^^^^^^^^^^^^^^^^
  File "/Library/Frameworks/Python.framework/Versions/3.14/lib/python3.14/site-packages/aiogram/dispatcher/event/telegram.py", line 126, in trigger
    return await wrapped_inner(event, kwargs)
           ^^^^^^^^^^^^^^^^^^^^^^^^^^^^^^^^^^
  File "/Library/Frameworks/Python.framework/Versions/3.14/lib/python3.14/site-packages/aiogram/dispatcher/event/handler.py", line 71, in call
    return await wrapped()
           ^^^^^^^^^^^^^^^
  File "/Users/alexey/Desktop/CHM_bot/handlers.py", line 148, in toggle_volume
    await cb.message.edit_reply_markup(reply_markup=kb_filters(user))
  File "/Library/Frameworks/Python.framework/Versions/3.14/lib/python3.14/site-packages/aiogram/methods/base.py", line 82, in emit
    return await bot(self)
           ^^^^^^^^^^^^^^^
  File "/Library/Frameworks/Python.framework/Versions/3.14/lib/python3.14/site-packages/aiogram/client/bot.py", line 484, in __call__
    return await self.session(self, method, timeout=request_timeout)
           ^^^^^^^^^^^^^^^^^^^^^^^^^^^^^^^^^^^^^^^^^^^^^^^^^^^^^^^^^
  File "/Library/Frameworks/Python.framework/Versions/3.14/lib/python3.14/site-packages/aiogram/client/session/base.py", line 259, in __call__
    return cast(TelegramType, await middleware(bot, method))
                              ^^^^^^^^^^^^^^^^^^^^^^^^^^^^^
  File "/Library/Frameworks/Python.framework/Versions/3.14/lib/python3.14/site-packages/aiogram/client/session/aiohttp.py", line 177, in make_request
    response = self.check_response(
        bot=bot,
    ...<2 lines>...
        content=raw_result,
    )
  File "/Library/Frameworks/Python.framework/Versions/3.14/lib/python3.14/site-packages/aiogram/client/session/base.py", line 121, in check_response
    raise TelegramBadRequest(method=method, message=description)
aiogram.exceptions.TelegramBadRequest: Telegram server says - Bad Request: message is not modified: specified new message content and reply markup are exactly the same as a current content and reply markup of the message
2026-02-20 15:30:34 | INFO | Update id=178228431 is handled. Duration 2557 ms by bot id=8386929967
2026-02-20 15:30:35 | INFO | Update id=178228432 is handled. Duration 2534 ms by bot id=8386929967
2026-02-20 15:30:37 | INFO | Update id=178228433 is handled. Duration 1100 ms by bot id=8386929967
2026-02-20 15:30:40 | INFO | Update id=178228434 is handled. Duration 2573 ms by bot id=8386929967
2026-02-20 15:30:40 | INFO | Update id=178228435 is handled. Duration 1330 ms by bot id=8386929967
2026-02-20 15:30:45 | INFO | Update id=178228436 is handled. Duration 2334 ms by bot id=8386929967
2026-02-20 15:30:48 | INFO | Update id=178228437 is handled. Duration 1150 ms by bot id=8386929967
2026-02-20 15:31:23 | INFO |   → kofman88: найдено 0 сигналов
2026-02-20 15:31:33 | INFO | Update id=178228438 is handled. Duration 4010 ms by bot id=8386929967
2026-02-20 15:31:42 | INFO | Update id=178228439 is handled. Duration 2218 ms by bot id=8386929967
2026-02-20 15:34:23 | INFO | 🔍 Скан для kofman88 (TF=5m)
2026-02-20 15:34:43 | INFO | ✅ Сигнал → kofman88: ZK-USDT-SWAP SHORT ⭐3
2026-02-20 15:35:05 | INFO | ✅ Сигнал → kofman88: ASTER-USDT-SWAP SHORT ⭐3
2026-02-20 15:35:12 | INFO | ✅ Сигнал → kofman88: SEI-USDT-SWAP SHORT ⭐3
2026-02-20 15:35:33 | INFO | ✅ Сигнал → kofman88: BAT-USDT-SWAP SHORT ⭐4
2026-02-20 15:35:42 | INFO |   → kofman88: найдено 4 сигналов
2026-02-20 15:37:08 | INFO | Update id=178228440 is handled. Duration 3129 ms by bot id=8386929967
2026-02-20 15:37:17 | INFO | Update id=178228441 is handled. Duration 1252 ms by bot id=8386929967
2026-02-20 15:37:21 | INFO | Update id=178228442 is handled. Duration 3542 ms by bot id=8386929967
2026-02-20 15:37:23 | INFO | Update id=178228443 is handled. Duration 1094 ms by bot id=8386929967
2026-02-20 15:37:29 | INFO | Update id=178228444 is handled. Duration 2705 ms by bot id=8386929967
2026-02-20 15:37:34 | INFO | Update id=178228445 is handled. Duration 1385 ms by bot id=8386929967
2026-02-20 15:37:37 | INFO | Update id=178228446 is handled. Duration 1118 ms by bot id=8386929967
2026-02-20 15:37:38 | INFO | Update id=178228447 is handled. Duration 945 ms by bot id=8386929967
2026-02-20 15:37:42 | INFO | Update id=178228448 is handled. Duration 1219 ms by bot id=8386929967
2026-02-20 15:37:48 | INFO | Update id=178228449 is handled. Duration 1235 ms by bot id=8386929967
2026-02-20 15:37:51 | INFO | Update id=178228450 is handled. Duration 3547 ms by bot id=8386929967
2026-02-20 15:37:56 | INFO | Update id=178228451 is handled. Duration 1005 ms by bot id=8386929967
2026-02-20 15:38:04 | INFO | Update id=178228452 is handled. Duration 1282 ms by bot id=8386929967
2026-02-20 15:38:08 | INFO | Update id=178228453 is handled. Duration 1046 ms by bot id=8386929967
2026-02-20 15:38:10 | INFO | Update id=178228454 is handled. Duration 1975 ms by bot id=8386929967
2026-02-20 15:38:11 | INFO | Update id=178228455 is handled. Duration 1125 ms by bot id=8386929967
2026-02-20 15:38:14 | INFO | Update id=178228456 is handled. Duration 2089 ms by bot id=8386929967
2026-02-20 15:38:16 | INFO | Update id=178228457 is handled. Duration 3129 ms by bot id=8386929967
2026-02-20 15:38:18 | INFO | Update id=178228458 is handled. Duration 1149 ms by bot id=8386929967
2026-02-20 15:38:22 | INFO | Update id=178228459 is handled. Duration 2217 ms by bot id=8386929967
2026-02-20 15:38:22 | INFO | Update id=178228460 is handled. Duration 958 ms by bot id=8386929967
2026-02-20 15:38:28 | INFO | Update id=178228461 is handled. Duration 991 ms by bot id=8386929967
2026-02-20 15:38:42 | INFO | 🔍 Скан для cheese_31 (TF=5m)
2026-02-20 15:38:44 | INFO | Update id=178228462 is handled. Duration 2041 ms by bot id=8386929967
2026-02-20 15:39:28 | INFO | Update id=178228463 is handled. Duration 2860 ms by bot id=8386929967
2026-02-20 15:39:32 | INFO | Update id=178228464 is handled. Duration 2330 ms by bot id=8386929967
2026-02-20 15:41:00 | INFO | Update id=178228465 is handled. Duration 2723 ms by bot id=8386929967
2026-02-20 15:41:04 | INFO | Update id=178228466 is handled. Duration 1025 ms by bot id=8386929967
2026-02-20 15:41:13 | INFO | Update id=178228467 is handled. Duration 1134 ms by bot id=8386929967
2026-02-20 15:41:17 | INFO | Update id=178228468 is handled. Duration 1030 ms by bot id=8386929967
2026-02-20 15:43:37 | INFO |   → cheese_31: найдено 0 сигналов
2026-02-20 15:44:07 | INFO | 🔍 Скан для cheese_31 (TF=5m)
2026-02-20 15:45:04 | INFO |   → cheese_31: найдено 0 сигналов
2026-02-20 15:45:04 | INFO | 🔍 Скан для kofman88 (TF=5m)
2026-02-20 15:45:12 | INFO |   → kofman88: найдено 0 сигналов
2026-02-20 15:47:04 | INFO | Update id=178228469 is handled. Duration 6109 ms by bot id=8386929967
2026-02-20 15:47:06 | INFO | Update id=178228471 is handled. Duration 1026 ms by bot id=8386929967
2026-02-20 15:47:06 | INFO | Update id=178228470 is handled. Duration 2766 ms by bot id=8386929967
2026-02-20 15:47:11 | INFO | Update id=178228472 is handled. Duration 1480 ms by bot id=8386929967
2026-02-20 15:47:14 | INFO | Update id=178228473 is not handled. Duration 2472 ms by bot id=8386929967
2026-02-20 15:47:14 | ERROR | Cause exception while process update id=178228473 by bot id=8386929967
TelegramBadRequest: Telegram server says - Bad Request: message is not modified: specified new message content and reply markup are exactly the same as a current content and reply markup of the message
Traceback (most recent call last):
  File "/Library/Frameworks/Python.framework/Versions/3.14/lib/python3.14/site-packages/aiogram/dispatcher/dispatcher.py", line 320, in _process_update
    response = await self.feed_update(bot, update, **kwargs)
               ^^^^^^^^^^^^^^^^^^^^^^^^^^^^^^^^^^^^^^^^^^^^^
  File "/Library/Frameworks/Python.framework/Versions/3.14/lib/python3.14/site-packages/aiogram/dispatcher/dispatcher.py", line 164, in feed_update
    response = await self.update.wrap_outer_middleware(
               ^^^^^^^^^^^^^^^^^^^^^^^^^^^^^^^^^^^^^^^^
    ...<7 lines>...
    )
    ^
  File "/Library/Frameworks/Python.framework/Versions/3.14/lib/python3.14/site-packages/aiogram/dispatcher/middlewares/error.py", line 27, in __call__
    return await handler(event, data)
           ^^^^^^^^^^^^^^^^^^^^^^^^^^
  File "/Library/Frameworks/Python.framework/Versions/3.14/lib/python3.14/site-packages/aiogram/dispatcher/middlewares/user_context.py", line 58, in __call__
    return await handler(event, data)
           ^^^^^^^^^^^^^^^^^^^^^^^^^^
  File "/Library/Frameworks/Python.framework/Versions/3.14/lib/python3.14/site-packages/aiogram/fsm/middleware.py", line 43, in __call__
    return await handler(event, data)
           ^^^^^^^^^^^^^^^^^^^^^^^^^^
  File "/Library/Frameworks/Python.framework/Versions/3.14/lib/python3.14/site-packages/aiogram/dispatcher/event/telegram.py", line 126, in trigger
    return await wrapped_inner(event, kwargs)
           ^^^^^^^^^^^^^^^^^^^^^^^^^^^^^^^^^^
  File "/Library/Frameworks/Python.framework/Versions/3.14/lib/python3.14/site-packages/aiogram/dispatcher/event/handler.py", line 71, in call
    return await wrapped()
           ^^^^^^^^^^^^^^^
  File "/Library/Frameworks/Python.framework/Versions/3.14/lib/python3.14/site-packages/aiogram/dispatcher/dispatcher.py", line 283, in _listen_update
    return await self.propagate_event(update_type=update_type, event=event, **kwargs)
           ^^^^^^^^^^^^^^^^^^^^^^^^^^^^^^^^^^^^^^^^^^^^^^^^^^^^^^^^^^^^^^^^^^^^^^^^^^
  File "/Library/Frameworks/Python.framework/Versions/3.14/lib/python3.14/site-packages/aiogram/dispatcher/router.py", line 161, in propagate_event
    return await observer.wrap_outer_middleware(_wrapped, event=event, data=kwargs)
           ^^^^^^^^^^^^^^^^^^^^^^^^^^^^^^^^^^^^^^^^^^^^^^^^^^^^^^^^^^^^^^^^^^^^^^^^
  File "/Library/Frameworks/Python.framework/Versions/3.14/lib/python3.14/site-packages/aiogram/dispatcher/router.py", line 153, in _wrapped
    return await self._propagate_event(
           ^^^^^^^^^^^^^^^^^^^^^^^^^^^^
    ...<4 lines>...
    )
    ^
  File "/Library/Frameworks/Python.framework/Versions/3.14/lib/python3.14/site-packages/aiogram/dispatcher/router.py", line 181, in _propagate_event
    response = await observer.trigger(event, **kwargs)
               ^^^^^^^^^^^^^^^^^^^^^^^^^^^^^^^^^^^^^^^
  File "/Library/Frameworks/Python.framework/Versions/3.14/lib/python3.14/site-packages/aiogram/dispatcher/event/telegram.py", line 126, in trigger
    return await wrapped_inner(event, kwargs)
           ^^^^^^^^^^^^^^^^^^^^^^^^^^^^^^^^^^
  File "/Library/Frameworks/Python.framework/Versions/3.14/lib/python3.14/site-packages/aiogram/dispatcher/event/handler.py", line 71, in call
    return await wrapped()
           ^^^^^^^^^^^^^^^
  File "/Users/alexey/Desktop/CHM_bot/handlers.py", line 164, in toggle_htf
    await cb.message.edit_reply_markup(reply_markup=kb_filters(user))
  File "/Library/Frameworks/Python.framework/Versions/3.14/lib/python3.14/site-packages/aiogram/methods/base.py", line 82, in emit
    return await bot(self)
           ^^^^^^^^^^^^^^^
  File "/Library/Frameworks/Python.framework/Versions/3.14/lib/python3.14/site-packages/aiogram/client/bot.py", line 484, in __call__
    return await self.session(self, method, timeout=request_timeout)
           ^^^^^^^^^^^^^^^^^^^^^^^^^^^^^^^^^^^^^^^^^^^^^^^^^^^^^^^^^
  File "/Library/Frameworks/Python.framework/Versions/3.14/lib/python3.14/site-packages/aiogram/client/session/base.py", line 259, in __call__
    return cast(TelegramType, await middleware(bot, method))
                              ^^^^^^^^^^^^^^^^^^^^^^^^^^^^^
  File "/Library/Frameworks/Python.framework/Versions/3.14/lib/python3.14/site-packages/aiogram/client/session/aiohttp.py", line 177, in make_request
    response = self.check_response(
        bot=bot,
    ...<2 lines>...
        content=raw_result,
    )
  File "/Library/Frameworks/Python.framework/Versions/3.14/lib/python3.14/site-packages/aiogram/client/session/base.py", line 121, in check_response
    raise TelegramBadRequest(method=method, message=description)
aiogram.exceptions.TelegramBadRequest: Telegram server says - Bad Request: message is not modified: specified new message content and reply markup are exactly the same as a current content and reply markup of the message
2026-02-20 15:47:15 | INFO | Update id=178228474 is not handled. Duration 2195 ms by bot id=8386929967
2026-02-20 15:47:15 | ERROR | Cause exception while process update id=178228474 by bot id=8386929967
TelegramBadRequest: Telegram server says - Bad Request: message is not modified: specified new message content and reply markup are exactly the same as a current content and reply markup of the message
Traceback (most recent call last):
  File "/Library/Frameworks/Python.framework/Versions/3.14/lib/python3.14/site-packages/aiogram/dispatcher/dispatcher.py", line 320, in _process_update
    response = await self.feed_update(bot, update, **kwargs)
               ^^^^^^^^^^^^^^^^^^^^^^^^^^^^^^^^^^^^^^^^^^^^^
  File "/Library/Frameworks/Python.framework/Versions/3.14/lib/python3.14/site-packages/aiogram/dispatcher/dispatcher.py", line 164, in feed_update
    response = await self.update.wrap_outer_middleware(
               ^^^^^^^^^^^^^^^^^^^^^^^^^^^^^^^^^^^^^^^^
    ...<7 lines>...
    )
    ^
  File "/Library/Frameworks/Python.framework/Versions/3.14/lib/python3.14/site-packages/aiogram/dispatcher/middlewares/error.py", line 27, in __call__
    return await handler(event, data)
           ^^^^^^^^^^^^^^^^^^^^^^^^^^
  File "/Library/Frameworks/Python.framework/Versions/3.14/lib/python3.14/site-packages/aiogram/dispatcher/middlewares/user_context.py", line 58, in __call__
    return await handler(event, data)
           ^^^^^^^^^^^^^^^^^^^^^^^^^^
  File "/Library/Frameworks/Python.framework/Versions/3.14/lib/python3.14/site-packages/aiogram/fsm/middleware.py", line 43, in __call__
    return await handler(event, data)
           ^^^^^^^^^^^^^^^^^^^^^^^^^^
  File "/Library/Frameworks/Python.framework/Versions/3.14/lib/python3.14/site-packages/aiogram/dispatcher/event/telegram.py", line 126, in trigger
    return await wrapped_inner(event, kwargs)
           ^^^^^^^^^^^^^^^^^^^^^^^^^^^^^^^^^^
  File "/Library/Frameworks/Python.framework/Versions/3.14/lib/python3.14/site-packages/aiogram/dispatcher/event/handler.py", line 71, in call
    return await wrapped()
           ^^^^^^^^^^^^^^^
  File "/Library/Frameworks/Python.framework/Versions/3.14/lib/python3.14/site-packages/aiogram/dispatcher/dispatcher.py", line 283, in _listen_update
    return await self.propagate_event(update_type=update_type, event=event, **kwargs)
           ^^^^^^^^^^^^^^^^^^^^^^^^^^^^^^^^^^^^^^^^^^^^^^^^^^^^^^^^^^^^^^^^^^^^^^^^^^
  File "/Library/Frameworks/Python.framework/Versions/3.14/lib/python3.14/site-packages/aiogram/dispatcher/router.py", line 161, in propagate_event
    return await observer.wrap_outer_middleware(_wrapped, event=event, data=kwargs)
           ^^^^^^^^^^^^^^^^^^^^^^^^^^^^^^^^^^^^^^^^^^^^^^^^^^^^^^^^^^^^^^^^^^^^^^^^
  File "/Library/Frameworks/Python.framework/Versions/3.14/lib/python3.14/site-packages/aiogram/dispatcher/router.py", line 153, in _wrapped
    return await self._propagate_event(
           ^^^^^^^^^^^^^^^^^^^^^^^^^^^^
    ...<4 lines>...
    )
    ^
  File "/Library/Frameworks/Python.framework/Versions/3.14/lib/python3.14/site-packages/aiogram/dispatcher/router.py", line 181, in _propagate_event
    response = await observer.trigger(event, **kwargs)
               ^^^^^^^^^^^^^^^^^^^^^^^^^^^^^^^^^^^^^^^
  File "/Library/Frameworks/Python.framework/Versions/3.14/lib/python3.14/site-packages/aiogram/dispatcher/event/telegram.py", line 126, in trigger
    return await wrapped_inner(event, kwargs)
           ^^^^^^^^^^^^^^^^^^^^^^^^^^^^^^^^^^
  File "/Library/Frameworks/Python.framework/Versions/3.14/lib/python3.14/site-packages/aiogram/dispatcher/event/handler.py", line 71, in call
    return await wrapped()
           ^^^^^^^^^^^^^^^
  File "/Users/alexey/Desktop/CHM_bot/handlers.py", line 164, in toggle_htf
    await cb.message.edit_reply_markup(reply_markup=kb_filters(user))
  File "/Library/Frameworks/Python.framework/Versions/3.14/lib/python3.14/site-packages/aiogram/methods/base.py", line 82, in emit
    return await bot(self)
           ^^^^^^^^^^^^^^^
  File "/Library/Frameworks/Python.framework/Versions/3.14/lib/python3.14/site-packages/aiogram/client/bot.py", line 484, in __call__
    return await self.session(self, method, timeout=request_timeout)
           ^^^^^^^^^^^^^^^^^^^^^^^^^^^^^^^^^^^^^^^^^^^^^^^^^^^^^^^^^
  File "/Library/Frameworks/Python.framework/Versions/3.14/lib/python3.14/site-packages/aiogram/client/session/base.py", line 259, in __call__
    return cast(TelegramType, await middleware(bot, method))
                              ^^^^^^^^^^^^^^^^^^^^^^^^^^^^^
  File "/Library/Frameworks/Python.framework/Versions/3.14/lib/python3.14/site-packages/aiogram/client/session/aiohttp.py", line 177, in make_request
    response = self.check_response(
        bot=bot,
    ...<2 lines>...
        content=raw_result,
    )
  File "/Library/Frameworks/Python.framework/Versions/3.14/lib/python3.14/site-packages/aiogram/client/session/base.py", line 121, in check_response
    raise TelegramBadRequest(method=method, message=description)
aiogram.exceptions.TelegramBadRequest: Telegram server says - Bad Request: message is not modified: specified new message content and reply markup are exactly the same as a current content and reply markup of the message
2026-02-20 15:47:16 | INFO | Update id=178228475 is handled. Duration 2169 ms by bot id=8386929967
2026-02-20 15:47:19 | INFO | Update id=178228476 is handled. Duration 2129 ms by bot id=8386929967
2026-02-20 15:47:20 | INFO | Update id=178228478 is handled. Duration 1014 ms by bot id=8386929967
2026-02-20 15:47:20 | INFO | Update id=178228477 is handled. Duration 1939 ms by bot id=8386929967
2026-02-20 15:47:24 | INFO | Update id=178228479 is handled. Duration 4075 ms by bot id=8386929967
2026-02-20 15:47:27 | INFO | Update id=178228480 is handled. Duration 1104 ms by bot id=8386929967
2026-02-20 15:49:12 | INFO | 🔍 Скан для cheese_31 (TF=5m)
2026-02-20 15:50:10 | INFO |   → cheese_31: найдено 0 сигналов
2026-02-20 15:50:10 | INFO | 🔍 Скан для kofman88 (TF=5m)
2026-02-20 15:50:18 | INFO | ✅ Сигнал → kofman88: ACU-USDT-SWAP LONG ⭐4
2026-02-20 15:50:22 | INFO |   → kofman88: найдено 1 сигналов
2026-02-20 15:54:22 | INFO | 🔍 Скан для cheese_31 (TF=5m)
2026-02-20 15:54:49 | WARNING | Received SIGINT signal
2026-02-20 15:54:49 | INFO | Polling stopped for bot @chm_lab_signals_bot id=8386929967 - 'CHM Bot_signal'
2026-02-20 15:54:49 | INFO | Polling stopped
2026-02-20 15:55:21 | INFO | ✅ Сигнал → cheese_31: THETA-USDT-SWAP SHORT ⭐4
2026-02-20 15:55:30 | INFO | ✅ Сигнал → cheese_31: GRASS-USDT-SWAP SHORT ⭐5
2026-02-20 15:55:30 | INFO |   → cheese_31: найдено 2 сигналов
2026-02-20 15:55:30 | INFO | 🔍 Скан для kofman88 (TF=5m)
2026-02-20 15:56:12 | INFO | Загружено пользователей: 2
2026-02-20 15:56:12 | INFO | 🚀 CHM BREAKER BOT запускается (multi-user режим)...
2026-02-20 15:56:12 | INFO | Start polling
2026-02-20 15:56:12 | INFO | 🔄 Мульти-сканер запущен
2026-02-20 15:56:12 | INFO | 🔍 Скан для cheese_31 (TF=5m)
2026-02-20 15:56:12 | INFO | 🌐 Загружаю список всех монет с OKX...
2026-02-20 15:56:16 | INFO | Run polling for bot @chm_lab_signals_bot id=8386929967 - 'CHM Bot_signal'
2026-02-20 15:56:17 | INFO |   Найдено активных USDT пар: 258
2026-02-20 15:56:18 | INFO |   После фильтра по объёму: 229 монет
2026-02-20 15:56:27 | INFO | Update id=178228481 is handled. Duration 3065 ms by bot id=8386929967
2026-02-20 15:56:35 | INFO | Update id=178228482 is handled. Duration 2441 ms by bot id=8386929967
2026-02-20 15:56:40 | INFO | Update id=178228483 is handled. Duration 2192 ms by bot id=8386929967
2026-02-20 15:56:43 | INFO | Update id=178228484 is handled. Duration 1268 ms by bot id=8386929967
2026-02-20 15:56:59 | INFO | ✅ Сигнал → cheese_31: MET-USDT-SWAP SHORT ⭐4
2026-02-20 15:57:24 | INFO | Update id=178228485 is handled. Duration 3019 ms by bot id=8386929967
2026-02-20 15:57:27 | INFO | ✅ Сигнал → cheese_31: GRASS-USDT-SWAP SHORT ⭐5
2026-02-20 15:57:29 | INFO | Update id=178228486 is handled. Duration 1183 ms by bot id=8386929967
2026-02-20 15:57:29 | INFO |   → cheese_31: найдено 2 сигналов
2026-02-20 15:57:29 | INFO | 🔍 Скан для kofman88 (TF=5m)
2026-02-20 15:57:32 | INFO | Update id=178228487 is handled. Duration 973 ms by bot id=8386929967
2026-02-20 15:57:45 | INFO | Update id=178228488 is handled. Duration 1115 ms by bot id=8386929967
2026-02-20 15:57:55 | INFO | Update id=178228489 is handled. Duration 2259 ms by bot id=8386929967
2026-02-20 15:57:59 | INFO | Update id=178228490 is handled. Duration 2213 ms by bot id=8386929967
2026-02-20 15:58:03 | INFO | ✅ Сигнал → kofman88: WOO-USDT-SWAP SHORT ⭐4
2026-02-20 15:58:06 | INFO | ✅ Сигнал → kofman88: SEI-USDT-SWAP SHORT ⭐4
2026-02-20 15:58:12 | INFO | ✅ Сигнал → kofman88: MET-USDT-SWAP SHORT ⭐4
2026-02-20 15:58:23 | INFO | ✅ Сигнал → kofman88: SHELL-USDT-SWAP SHORT ⭐4
2026-02-20 15:58:38 | INFO | ✅ Сигнал → kofman88: GRASS-USDT-SWAP SHORT ⭐5
2026-02-20 15:58:42 | INFO | ✅ Сигнал → kofman88: ETHW-USDT-SWAP SHORT ⭐4
2026-02-20 15:58:42 | INFO |   → kofman88: найдено 6 сигналов
2026-02-20 16:01:12 | INFO | 🔍 Скан для cheese_31 (TF=5m)
2026-02-20 16:02:24 | WARNING | SOON-USDT-SWAP таймаут (попытка 1/3)
2026-02-20 16:02:41 | INFO |   → cheese_31: найдено 0 сигналов
2026-02-20 16:02:41 | INFO | 🔍 Скан для kofman88 (TF=5m)
2026-02-20 16:03:33 | INFO |   → kofman88: найдено 0 сигналов
2026-02-20 16:06:33 | INFO | 🔍 Скан для cheese_31 (TF=5m)
2026-02-20 16:07:41 | INFO |   → cheese_31: найдено 0 сигналов
2026-02-20 16:07:41 | INFO | 🔍 Скан для kofman88 (TF=5m)
2026-02-20 16:08:50 | INFO |   → kofman88: найдено 0 сигналов
